2014-05-05 20:39:42
Full thread dump Java HotSpot(TM) 64-Bit Server VM (24.0-b56 mixed mode):

"Attach Listener" daemon prio=10 tid=0x00007f0e44f23800 nid=0xf5f waiting on condition [0x0000000000000000]
   java.lang.Thread.State: RUNNABLE

"DestroyJavaVM" prio=10 tid=0x00007f0e5c00b800 nid=0xef2 waiting on condition [0x0000000000000000]
   java.lang.Thread.State: RUNNABLE

"15" prio=10 tid=0x00007f0e5c58a000 nid=0xf14 runnable [0x00007f0e58dfc000]
   java.lang.Thread.State: RUNNABLE
	at java.net.SocketInputStream.socketRead0(Native Method)
	at java.net.SocketInputStream.read(SocketInputStream.java:152)
	at java.net.SocketInputStream.read(SocketInputStream.java:122)
	at org.apache.thrift.transport.TIOStreamTransport.read(TIOStreamTransport.java:127)
	at org.apache.thrift.transport.TTransport.readAll(TTransport.java:84)
	at org.apache.thrift.transport.TFramedTransport.readFrame(TFramedTransport.java:129)
	at org.apache.thrift.transport.TFramedTransport.read(TFramedTransport.java:101)
	at org.apache.thrift.transport.TTransport.readAll(TTransport.java:84)
	at org.apache.thrift.protocol.TBinaryProtocol.readAll(TBinaryProtocol.java:378)
	at org.apache.thrift.protocol.TBinaryProtocol.readI32(TBinaryProtocol.java:297)
	at org.apache.thrift.protocol.TBinaryProtocol.readMessageBegin(TBinaryProtocol.java:204)
	at org.apache.cassandra.thrift.Cassandra$Client.recv_batch_mutate(Cassandra.java:1025)
	at org.apache.cassandra.thrift.Cassandra$Client.batch_mutate(Cassandra.java:1009)
	at me.prettyprint.cassandra.model.MutatorImpl$3.execute(MutatorImpl.java:246)
	at me.prettyprint.cassandra.model.MutatorImpl$3.execute(MutatorImpl.java:243)
	at me.prettyprint.cassandra.service.Operation.executeAndSetResult(Operation.java:103)
	at me.prettyprint.cassandra.connection.HConnectionManager.operateWithFailover(HConnectionManager.java:246)
	at me.prettyprint.cassandra.model.ExecutingKeyspace.doExecuteOperation(ExecutingKeyspace.java:97)
	at me.prettyprint.cassandra.model.MutatorImpl.execute(MutatorImpl.java:243)
	at me.prettyprint.cassandra.model.MutatorImpl.insert(MutatorImpl.java:69)
	at devkook.study.java2cassandra.App.insert(App.java:53)
	at devkook.study.java2cassandra.App.run(App.java:106)

"14" prio=10 tid=0x00007f0e5c588000 nid=0xf13 runnable [0x00007f0e58efd000]
   java.lang.Thread.State: RUNNABLE
	at java.lang.String.lastIndexOf(String.java:1833)
	at java.lang.String.lastIndexOf(String.java:1789)
	at java.lang.String.lastIndexOf(String.java:1769)
	at java.lang.Class.getSimpleName(Class.java:1162)
	at com.singularity.ee.agent.appagent.services.transactionmonitor.we.a(we.java:113)
	at com.singularity.ee.agent.appagent.services.transactionmonitor.xe.a(xe.java:25)
	at com.singularity.ee.agent.appagent.services.transactionmonitor.we.a(we.java:54)
	at com.singularity.ee.agent.appagent.services.transactionmonitor.common.a.a(a.java:456)
	at com.singularity.ee.agent.appagent.services.transactionmonitor.common.a.onMethodBegin(a.java:118)
	at com.singularity.ee.agent.appagent.entrypoint.bciengine.FastMethodInterceptorDelegator.safeOnMethodBegin(FastMethodInterceptorDelegator.java:75)
	at org.apache.cassandra.thrift.Cassandra$Client.batch_mutate(Cassandra.java)
	at me.prettyprint.cassandra.model.MutatorImpl$3.execute(MutatorImpl.java:246)
	at me.prettyprint.cassandra.model.MutatorImpl$3.execute(MutatorImpl.java:243)
	at me.prettyprint.cassandra.service.Operation.executeAndSetResult(Operation.java:103)
	at me.prettyprint.cassandra.connection.HConnectionManager.operateWithFailover(HConnectionManager.java:246)
	at me.prettyprint.cassandra.model.ExecutingKeyspace.doExecuteOperation(ExecutingKeyspace.java:97)
	at me.prettyprint.cassandra.model.MutatorImpl.execute(MutatorImpl.java:243)
	at me.prettyprint.cassandra.model.MutatorImpl.insert(MutatorImpl.java:69)
	at devkook.study.java2cassandra.App.insert(App.java:53)
	at devkook.study.java2cassandra.App.run(App.java:106)

"13" prio=10 tid=0x00007f0e5c586000 nid=0xf12 runnable [0x00007f0e58ffe000]
   java.lang.Thread.State: RUNNABLE
	at java.net.SocketInputStream.socketRead0(Native Method)
	at java.net.SocketInputStream.read(SocketInputStream.java:152)
	at java.net.SocketInputStream.read(SocketInputStream.java:122)
	at org.apache.thrift.transport.TIOStreamTransport.read(TIOStreamTransport.java:127)
	at org.apache.thrift.transport.TTransport.readAll(TTransport.java:84)
	at org.apache.thrift.transport.TFramedTransport.readFrame(TFramedTransport.java:129)
	at org.apache.thrift.transport.TFramedTransport.read(TFramedTransport.java:101)
	at org.apache.thrift.transport.TTransport.readAll(TTransport.java:84)
	at org.apache.thrift.protocol.TBinaryProtocol.readAll(TBinaryProtocol.java:378)
	at org.apache.thrift.protocol.TBinaryProtocol.readI32(TBinaryProtocol.java:297)
	at org.apache.thrift.protocol.TBinaryProtocol.readMessageBegin(TBinaryProtocol.java:204)
	at org.apache.cassandra.thrift.Cassandra$Client.recv_batch_mutate(Cassandra.java:1025)
	at org.apache.cassandra.thrift.Cassandra$Client.batch_mutate(Cassandra.java:1009)
	at me.prettyprint.cassandra.model.MutatorImpl$3.execute(MutatorImpl.java:246)
	at me.prettyprint.cassandra.model.MutatorImpl$3.execute(MutatorImpl.java:243)
	at me.prettyprint.cassandra.service.Operation.executeAndSetResult(Operation.java:103)
	at me.prettyprint.cassandra.connection.HConnectionManager.operateWithFailover(HConnectionManager.java:246)
	at me.prettyprint.cassandra.model.ExecutingKeyspace.doExecuteOperation(ExecutingKeyspace.java:97)
	at me.prettyprint.cassandra.model.MutatorImpl.execute(MutatorImpl.java:243)
	at me.prettyprint.cassandra.model.MutatorImpl.insert(MutatorImpl.java:69)
	at devkook.study.java2cassandra.App.insert(App.java:53)
	at devkook.study.java2cassandra.App.run(App.java:106)

"12" prio=10 tid=0x00007f0e5c584000 nid=0xf11 runnable [0x00007f0e6019c000]
   java.lang.Thread.State: RUNNABLE
	at java.net.SocketInputStream.socketRead0(Native Method)
	at java.net.SocketInputStream.read(SocketInputStream.java:152)
	at java.net.SocketInputStream.read(SocketInputStream.java:122)
	at org.apache.thrift.transport.TIOStreamTransport.read(TIOStreamTransport.java:127)
	at org.apache.thrift.transport.TTransport.readAll(TTransport.java:84)
	at org.apache.thrift.transport.TFramedTransport.readFrame(TFramedTransport.java:129)
	at org.apache.thrift.transport.TFramedTransport.read(TFramedTransport.java:101)
	at org.apache.thrift.transport.TTransport.readAll(TTransport.java:84)
	at org.apache.thrift.protocol.TBinaryProtocol.readAll(TBinaryProtocol.java:378)
	at org.apache.thrift.protocol.TBinaryProtocol.readI32(TBinaryProtocol.java:297)
	at org.apache.thrift.protocol.TBinaryProtocol.readMessageBegin(TBinaryProtocol.java:204)
	at org.apache.cassandra.thrift.Cassandra$Client.recv_batch_mutate(Cassandra.java:1025)
	at org.apache.cassandra.thrift.Cassandra$Client.batch_mutate(Cassandra.java:1009)
	at me.prettyprint.cassandra.model.MutatorImpl$3.execute(MutatorImpl.java:246)
	at me.prettyprint.cassandra.model.MutatorImpl$3.execute(MutatorImpl.java:243)
	at me.prettyprint.cassandra.service.Operation.executeAndSetResult(Operation.java:103)
	at me.prettyprint.cassandra.connection.HConnectionManager.operateWithFailover(HConnectionManager.java:246)
	at me.prettyprint.cassandra.model.ExecutingKeyspace.doExecuteOperation(ExecutingKeyspace.java:97)
	at me.prettyprint.cassandra.model.MutatorImpl.execute(MutatorImpl.java:243)
	at me.prettyprint.cassandra.model.MutatorImpl.insert(MutatorImpl.java:69)
	at devkook.study.java2cassandra.App.insert(App.java:53)
	at devkook.study.java2cassandra.App.run(App.java:106)

"11" prio=10 tid=0x00007f0e5c581800 nid=0xf10 runnable [0x00007f0e6029d000]
   java.lang.Thread.State: RUNNABLE
	at java.net.SocketInputStream.socketRead0(Native Method)
	at java.net.SocketInputStream.read(SocketInputStream.java:152)
	at java.net.SocketInputStream.read(SocketInputStream.java:122)
	at org.apache.thrift.transport.TIOStreamTransport.read(TIOStreamTransport.java:127)
	at org.apache.thrift.transport.TTransport.readAll(TTransport.java:84)
	at org.apache.thrift.transport.TFramedTransport.readFrame(TFramedTransport.java:129)
	at org.apache.thrift.transport.TFramedTransport.read(TFramedTransport.java:101)
	at org.apache.thrift.transport.TTransport.readAll(TTransport.java:84)
	at org.apache.thrift.protocol.TBinaryProtocol.readAll(TBinaryProtocol.java:378)
	at org.apache.thrift.protocol.TBinaryProtocol.readI32(TBinaryProtocol.java:297)
	at org.apache.thrift.protocol.TBinaryProtocol.readMessageBegin(TBinaryProtocol.java:204)
	at org.apache.cassandra.thrift.Cassandra$Client.recv_batch_mutate(Cassandra.java:1025)
	at org.apache.cassandra.thrift.Cassandra$Client.batch_mutate(Cassandra.java:1009)
	at me.prettyprint.cassandra.model.MutatorImpl$3.execute(MutatorImpl.java:246)
	at me.prettyprint.cassandra.model.MutatorImpl$3.execute(MutatorImpl.java:243)
	at me.prettyprint.cassandra.service.Operation.executeAndSetResult(Operation.java:103)
	at me.prettyprint.cassandra.connection.HConnectionManager.operateWithFailover(HConnectionManager.java:246)
	at me.prettyprint.cassandra.model.ExecutingKeyspace.doExecuteOperation(ExecutingKeyspace.java:97)
	at me.prettyprint.cassandra.model.MutatorImpl.execute(MutatorImpl.java:243)
	at me.prettyprint.cassandra.model.MutatorImpl.insert(MutatorImpl.java:69)
	at devkook.study.java2cassandra.App.insert(App.java:53)
	at devkook.study.java2cassandra.App.run(App.java:106)

"10" prio=10 tid=0x00007f0e5c57f800 nid=0xf0f runnable [0x00007f0e6039e000]
   java.lang.Thread.State: RUNNABLE
	at java.net.SocketInputStream.socketRead0(Native Method)
	at java.net.SocketInputStream.read(SocketInputStream.java:152)
	at java.net.SocketInputStream.read(SocketInputStream.java:122)
	at org.apache.thrift.transport.TIOStreamTransport.read(TIOStreamTransport.java:127)
	at org.apache.thrift.transport.TTransport.readAll(TTransport.java:84)
	at org.apache.thrift.transport.TFramedTransport.readFrame(TFramedTransport.java:129)
	at org.apache.thrift.transport.TFramedTransport.read(TFramedTransport.java:101)
	at org.apache.thrift.transport.TTransport.readAll(TTransport.java:84)
	at org.apache.thrift.protocol.TBinaryProtocol.readAll(TBinaryProtocol.java:378)
	at org.apache.thrift.protocol.TBinaryProtocol.readI32(TBinaryProtocol.java:297)
	at org.apache.thrift.protocol.TBinaryProtocol.readMessageBegin(TBinaryProtocol.java:204)
	at org.apache.cassandra.thrift.Cassandra$Client.recv_batch_mutate(Cassandra.java:1025)
	at org.apache.cassandra.thrift.Cassandra$Client.batch_mutate(Cassandra.java:1009)
	at me.prettyprint.cassandra.model.MutatorImpl$3.execute(MutatorImpl.java:246)
	at me.prettyprint.cassandra.model.MutatorImpl$3.execute(MutatorImpl.java:243)
	at me.prettyprint.cassandra.service.Operation.executeAndSetResult(Operation.java:103)
	at me.prettyprint.cassandra.connection.HConnectionManager.operateWithFailover(HConnectionManager.java:246)
	at me.prettyprint.cassandra.model.ExecutingKeyspace.doExecuteOperation(ExecutingKeyspace.java:97)
	at me.prettyprint.cassandra.model.MutatorImpl.execute(MutatorImpl.java:243)
	at me.prettyprint.cassandra.model.MutatorImpl.insert(MutatorImpl.java:69)
	at devkook.study.java2cassandra.App.insert(App.java:53)
	at devkook.study.java2cassandra.App.run(App.java:106)

"9" prio=10 tid=0x00007f0e5c57d800 nid=0xf0e runnable [0x00007f0e6049f000]
   java.lang.Thread.State: RUNNABLE
	at java.net.SocketInputStream.socketRead0(Native Method)
	at java.net.SocketInputStream.read(SocketInputStream.java:152)
	at java.net.SocketInputStream.read(SocketInputStream.java:122)
	at org.apache.thrift.transport.TIOStreamTransport.read(TIOStreamTransport.java:127)
	at org.apache.thrift.transport.TTransport.readAll(TTransport.java:84)
	at org.apache.thrift.transport.TFramedTransport.readFrame(TFramedTransport.java:129)
	at org.apache.thrift.transport.TFramedTransport.read(TFramedTransport.java:101)
	at org.apache.thrift.transport.TTransport.readAll(TTransport.java:84)
	at org.apache.thrift.protocol.TBinaryProtocol.readAll(TBinaryProtocol.java:378)
	at org.apache.thrift.protocol.TBinaryProtocol.readI32(TBinaryProtocol.java:297)
	at org.apache.thrift.protocol.TBinaryProtocol.readMessageBegin(TBinaryProtocol.java:204)
	at org.apache.cassandra.thrift.Cassandra$Client.recv_batch_mutate(Cassandra.java:1025)
	at org.apache.cassandra.thrift.Cassandra$Client.batch_mutate(Cassandra.java:1009)
	at me.prettyprint.cassandra.model.MutatorImpl$3.execute(MutatorImpl.java:246)
	at me.prettyprint.cassandra.model.MutatorImpl$3.execute(MutatorImpl.java:243)
	at me.prettyprint.cassandra.service.Operation.executeAndSetResult(Operation.java:103)
	at me.prettyprint.cassandra.connection.HConnectionManager.operateWithFailover(HConnectionManager.java:246)
	at me.prettyprint.cassandra.model.ExecutingKeyspace.doExecuteOperation(ExecutingKeyspace.java:97)
	at me.prettyprint.cassandra.model.MutatorImpl.execute(MutatorImpl.java:243)
	at me.prettyprint.cassandra.model.MutatorImpl.insert(MutatorImpl.java:69)
	at devkook.study.java2cassandra.App.insert(App.java:53)
	at devkook.study.java2cassandra.App.run(App.java:106)

"8" prio=10 tid=0x00007f0e5c57b800 nid=0xf0d runnable [0x00007f0e605a0000]
   java.lang.Thread.State: RUNNABLE
	at java.net.SocketInputStream.socketRead0(Native Method)
	at java.net.SocketInputStream.read(SocketInputStream.java:152)
	at java.net.SocketInputStream.read(SocketInputStream.java:122)
	at org.apache.thrift.transport.TIOStreamTransport.read(TIOStreamTransport.java:127)
	at org.apache.thrift.transport.TTransport.readAll(TTransport.java:84)
	at org.apache.thrift.transport.TFramedTransport.readFrame(TFramedTransport.java:129)
	at org.apache.thrift.transport.TFramedTransport.read(TFramedTransport.java:101)
	at org.apache.thrift.transport.TTransport.readAll(TTransport.java:84)
	at org.apache.thrift.protocol.TBinaryProtocol.readAll(TBinaryProtocol.java:378)
	at org.apache.thrift.protocol.TBinaryProtocol.readI32(TBinaryProtocol.java:297)
	at org.apache.thrift.protocol.TBinaryProtocol.readMessageBegin(TBinaryProtocol.java:204)
	at org.apache.cassandra.thrift.Cassandra$Client.recv_batch_mutate(Cassandra.java:1025)
	at org.apache.cassandra.thrift.Cassandra$Client.batch_mutate(Cassandra.java:1009)
	at me.prettyprint.cassandra.model.MutatorImpl$3.execute(MutatorImpl.java:246)
	at me.prettyprint.cassandra.model.MutatorImpl$3.execute(MutatorImpl.java:243)
	at me.prettyprint.cassandra.service.Operation.executeAndSetResult(Operation.java:103)
	at me.prettyprint.cassandra.connection.HConnectionManager.operateWithFailover(HConnectionManager.java:246)
	at me.prettyprint.cassandra.model.ExecutingKeyspace.doExecuteOperation(ExecutingKeyspace.java:97)
	at me.prettyprint.cassandra.model.MutatorImpl.execute(MutatorImpl.java:243)
	at me.prettyprint.cassandra.model.MutatorImpl.insert(MutatorImpl.java:69)
	at devkook.study.java2cassandra.App.insert(App.java:53)
	at devkook.study.java2cassandra.App.run(App.java:106)

"7" prio=10 tid=0x00007f0e5c579800 nid=0xf0c runnable [0x00007f0e606a1000]
   java.lang.Thread.State: RUNNABLE
	at java.net.SocketInputStream.socketRead0(Native Method)
	at java.net.SocketInputStream.read(SocketInputStream.java:152)
	at java.net.SocketInputStream.read(SocketInputStream.java:122)
	at org.apache.thrift.transport.TIOStreamTransport.read(TIOStreamTransport.java:127)
	at org.apache.thrift.transport.TTransport.readAll(TTransport.java:84)
	at org.apache.thrift.transport.TFramedTransport.readFrame(TFramedTransport.java:129)
	at org.apache.thrift.transport.TFramedTransport.read(TFramedTransport.java:101)
	at org.apache.thrift.transport.TTransport.readAll(TTransport.java:84)
	at org.apache.thrift.protocol.TBinaryProtocol.readAll(TBinaryProtocol.java:378)
	at org.apache.thrift.protocol.TBinaryProtocol.readI32(TBinaryProtocol.java:297)
	at org.apache.thrift.protocol.TBinaryProtocol.readMessageBegin(TBinaryProtocol.java:204)
	at org.apache.cassandra.thrift.Cassandra$Client.recv_batch_mutate(Cassandra.java:1025)
	at org.apache.cassandra.thrift.Cassandra$Client.batch_mutate(Cassandra.java:1009)
	at me.prettyprint.cassandra.model.MutatorImpl$3.execute(MutatorImpl.java:246)
	at me.prettyprint.cassandra.model.MutatorImpl$3.execute(MutatorImpl.java:243)
	at me.prettyprint.cassandra.service.Operation.executeAndSetResult(Operation.java:103)
	at me.prettyprint.cassandra.connection.HConnectionManager.operateWithFailover(HConnectionManager.java:246)
	at me.prettyprint.cassandra.model.ExecutingKeyspace.doExecuteOperation(ExecutingKeyspace.java:97)
	at me.prettyprint.cassandra.model.MutatorImpl.execute(MutatorImpl.java:243)
	at me.prettyprint.cassandra.model.MutatorImpl.insert(MutatorImpl.java:69)
	at devkook.study.java2cassandra.App.insert(App.java:53)
	at devkook.study.java2cassandra.App.run(App.java:106)

"6" prio=10 tid=0x00007f0e5c577800 nid=0xf0b runnable [0x00007f0e607a2000]
   java.lang.Thread.State: RUNNABLE
	at java.net.SocketInputStream.socketRead0(Native Method)
	at java.net.SocketInputStream.read(SocketInputStream.java:152)
	at java.net.SocketInputStream.read(SocketInputStream.java:122)
	at org.apache.thrift.transport.TIOStreamTransport.read(TIOStreamTransport.java:127)
	at org.apache.thrift.transport.TTransport.readAll(TTransport.java:84)
	at org.apache.thrift.transport.TFramedTransport.readFrame(TFramedTransport.java:129)
	at org.apache.thrift.transport.TFramedTransport.read(TFramedTransport.java:101)
	at org.apache.thrift.transport.TTransport.readAll(TTransport.java:84)
	at org.apache.thrift.protocol.TBinaryProtocol.readAll(TBinaryProtocol.java:378)
	at org.apache.thrift.protocol.TBinaryProtocol.readI32(TBinaryProtocol.java:297)
	at org.apache.thrift.protocol.TBinaryProtocol.readMessageBegin(TBinaryProtocol.java:204)
	at org.apache.cassandra.thrift.Cassandra$Client.recv_batch_mutate(Cassandra.java:1025)
	at org.apache.cassandra.thrift.Cassandra$Client.batch_mutate(Cassandra.java:1009)
	at me.prettyprint.cassandra.model.MutatorImpl$3.execute(MutatorImpl.java:246)
	at me.prettyprint.cassandra.model.MutatorImpl$3.execute(MutatorImpl.java:243)
	at me.prettyprint.cassandra.service.Operation.executeAndSetResult(Operation.java:103)
	at me.prettyprint.cassandra.connection.HConnectionManager.operateWithFailover(HConnectionManager.java:246)
	at me.prettyprint.cassandra.model.ExecutingKeyspace.doExecuteOperation(ExecutingKeyspace.java:97)
	at me.prettyprint.cassandra.model.MutatorImpl.execute(MutatorImpl.java:243)
	at me.prettyprint.cassandra.model.MutatorImpl.insert(MutatorImpl.java:69)
	at devkook.study.java2cassandra.App.insert(App.java:53)
	at devkook.study.java2cassandra.App.run(App.java:106)

"5" prio=10 tid=0x00007f0e5c575000 nid=0xf0a runnable [0x00007f0e608a3000]
   java.lang.Thread.State: RUNNABLE
	at java.net.SocketInputStream.socketRead0(Native Method)
	at java.net.SocketInputStream.read(SocketInputStream.java:152)
	at java.net.SocketInputStream.read(SocketInputStream.java:122)
	at org.apache.thrift.transport.TIOStreamTransport.read(TIOStreamTransport.java:127)
	at org.apache.thrift.transport.TTransport.readAll(TTransport.java:84)
	at org.apache.thrift.transport.TFramedTransport.readFrame(TFramedTransport.java:129)
	at org.apache.thrift.transport.TFramedTransport.read(TFramedTransport.java:101)
	at org.apache.thrift.transport.TTransport.readAll(TTransport.java:84)
	at org.apache.thrift.protocol.TBinaryProtocol.readAll(TBinaryProtocol.java:378)
	at org.apache.thrift.protocol.TBinaryProtocol.readI32(TBinaryProtocol.java:297)
	at org.apache.thrift.protocol.TBinaryProtocol.readMessageBegin(TBinaryProtocol.java:204)
	at org.apache.cassandra.thrift.Cassandra$Client.recv_batch_mutate(Cassandra.java:1025)
	at org.apache.cassandra.thrift.Cassandra$Client.batch_mutate(Cassandra.java:1009)
	at me.prettyprint.cassandra.model.MutatorImpl$3.execute(MutatorImpl.java:246)
	at me.prettyprint.cassandra.model.MutatorImpl$3.execute(MutatorImpl.java:243)
	at me.prettyprint.cassandra.service.Operation.executeAndSetResult(Operation.java:103)
	at me.prettyprint.cassandra.connection.HConnectionManager.operateWithFailover(HConnectionManager.java:246)
	at me.prettyprint.cassandra.model.ExecutingKeyspace.doExecuteOperation(ExecutingKeyspace.java:97)
	at me.prettyprint.cassandra.model.MutatorImpl.execute(MutatorImpl.java:243)
	at me.prettyprint.cassandra.model.MutatorImpl.insert(MutatorImpl.java:69)
	at devkook.study.java2cassandra.App.insert(App.java:53)
	at devkook.study.java2cassandra.App.run(App.java:106)

"4" prio=10 tid=0x00007f0e5c573000 nid=0xf09 runnable [0x00007f0e609a4000]
   java.lang.Thread.State: RUNNABLE
	at java.net.SocketInputStream.socketRead0(Native Method)
	at java.net.SocketInputStream.read(SocketInputStream.java:152)
	at java.net.SocketInputStream.read(SocketInputStream.java:122)
	at org.apache.thrift.transport.TIOStreamTransport.read(TIOStreamTransport.java:127)
	at org.apache.thrift.transport.TTransport.readAll(TTransport.java:84)
	at org.apache.thrift.transport.TFramedTransport.readFrame(TFramedTransport.java:129)
	at org.apache.thrift.transport.TFramedTransport.read(TFramedTransport.java:101)
	at org.apache.thrift.transport.TTransport.readAll(TTransport.java:84)
	at org.apache.thrift.protocol.TBinaryProtocol.readAll(TBinaryProtocol.java:378)
	at org.apache.thrift.protocol.TBinaryProtocol.readI32(TBinaryProtocol.java:297)
	at org.apache.thrift.protocol.TBinaryProtocol.readMessageBegin(TBinaryProtocol.java:204)
	at org.apache.cassandra.thrift.Cassandra$Client.recv_batch_mutate(Cassandra.java:1025)
	at org.apache.cassandra.thrift.Cassandra$Client.batch_mutate(Cassandra.java:1009)
	at me.prettyprint.cassandra.model.MutatorImpl$3.execute(MutatorImpl.java:246)
	at me.prettyprint.cassandra.model.MutatorImpl$3.execute(MutatorImpl.java:243)
	at me.prettyprint.cassandra.service.Operation.executeAndSetResult(Operation.java:103)
	at me.prettyprint.cassandra.connection.HConnectionManager.operateWithFailover(HConnectionManager.java:246)
	at me.prettyprint.cassandra.model.ExecutingKeyspace.doExecuteOperation(ExecutingKeyspace.java:97)
	at me.prettyprint.cassandra.model.MutatorImpl.execute(MutatorImpl.java:243)
	at me.prettyprint.cassandra.model.MutatorImpl.insert(MutatorImpl.java:69)
	at devkook.study.java2cassandra.App.insert(App.java:53)
	at devkook.study.java2cassandra.App.run(App.java:106)

"3" prio=10 tid=0x00007f0e5c572000 nid=0xf08 runnable [0x00007f0e60aa5000]
   java.lang.Thread.State: RUNNABLE
	at java.net.SocketInputStream.socketRead0(Native Method)
	at java.net.SocketInputStream.read(SocketInputStream.java:152)
	at java.net.SocketInputStream.read(SocketInputStream.java:122)
	at org.apache.thrift.transport.TIOStreamTransport.read(TIOStreamTransport.java:127)
	at org.apache.thrift.transport.TTransport.readAll(TTransport.java:84)
	at org.apache.thrift.transport.TFramedTransport.readFrame(TFramedTransport.java:129)
	at org.apache.thrift.transport.TFramedTransport.read(TFramedTransport.java:101)
	at org.apache.thrift.transport.TTransport.readAll(TTransport.java:84)
	at org.apache.thrift.protocol.TBinaryProtocol.readAll(TBinaryProtocol.java:378)
	at org.apache.thrift.protocol.TBinaryProtocol.readI32(TBinaryProtocol.java:297)
	at org.apache.thrift.protocol.TBinaryProtocol.readMessageBegin(TBinaryProtocol.java:204)
	at org.apache.cassandra.thrift.Cassandra$Client.recv_batch_mutate(Cassandra.java:1025)
	at org.apache.cassandra.thrift.Cassandra$Client.batch_mutate(Cassandra.java:1009)
	at me.prettyprint.cassandra.model.MutatorImpl$3.execute(MutatorImpl.java:246)
	at me.prettyprint.cassandra.model.MutatorImpl$3.execute(MutatorImpl.java:243)
	at me.prettyprint.cassandra.service.Operation.executeAndSetResult(Operation.java:103)
	at me.prettyprint.cassandra.connection.HConnectionManager.operateWithFailover(HConnectionManager.java:246)
	at me.prettyprint.cassandra.model.ExecutingKeyspace.doExecuteOperation(ExecutingKeyspace.java:97)
	at me.prettyprint.cassandra.model.MutatorImpl.execute(MutatorImpl.java:243)
	at me.prettyprint.cassandra.model.MutatorImpl.insert(MutatorImpl.java:69)
	at devkook.study.java2cassandra.App.insert(App.java:53)
	at devkook.study.java2cassandra.App.run(App.java:106)

"2" prio=10 tid=0x00007f0e5c56d800 nid=0xf07 runnable [0x00007f0e60ba6000]
   java.lang.Thread.State: RUNNABLE
	at java.net.SocketInputStream.socketRead0(Native Method)
	at java.net.SocketInputStream.read(SocketInputStream.java:152)
	at java.net.SocketInputStream.read(SocketInputStream.java:122)
	at org.apache.thrift.transport.TIOStreamTransport.read(TIOStreamTransport.java:127)
	at org.apache.thrift.transport.TTransport.readAll(TTransport.java:84)
	at org.apache.thrift.transport.TFramedTransport.readFrame(TFramedTransport.java:129)
	at org.apache.thrift.transport.TFramedTransport.read(TFramedTransport.java:101)
	at org.apache.thrift.transport.TTransport.readAll(TTransport.java:84)
	at org.apache.thrift.protocol.TBinaryProtocol.readAll(TBinaryProtocol.java:378)
	at org.apache.thrift.protocol.TBinaryProtocol.readI32(TBinaryProtocol.java:297)
	at org.apache.thrift.protocol.TBinaryProtocol.readMessageBegin(TBinaryProtocol.java:204)
	at org.apache.cassandra.thrift.Cassandra$Client.recv_batch_mutate(Cassandra.java:1025)
	at org.apache.cassandra.thrift.Cassandra$Client.batch_mutate(Cassandra.java:1009)
	at me.prettyprint.cassandra.model.MutatorImpl$3.execute(MutatorImpl.java:246)
	at me.prettyprint.cassandra.model.MutatorImpl$3.execute(MutatorImpl.java:243)
	at me.prettyprint.cassandra.service.Operation.executeAndSetResult(Operation.java:103)
	at me.prettyprint.cassandra.connection.HConnectionManager.operateWithFailover(HConnectionManager.java:246)
	at me.prettyprint.cassandra.model.ExecutingKeyspace.doExecuteOperation(ExecutingKeyspace.java:97)
	at me.prettyprint.cassandra.model.MutatorImpl.execute(MutatorImpl.java:243)
	at me.prettyprint.cassandra.model.MutatorImpl.insert(MutatorImpl.java:69)
	at devkook.study.java2cassandra.App.insert(App.java:53)
	at devkook.study.java2cassandra.App.run(App.java:106)

"1" prio=10 tid=0x00007f0e5c56a000 nid=0xf06 runnable [0x00007f0e60ca7000]
   java.lang.Thread.State: RUNNABLE
	at java.net.SocketInputStream.socketRead0(Native Method)
	at java.net.SocketInputStream.read(SocketInputStream.java:152)
	at java.net.SocketInputStream.read(SocketInputStream.java:122)
	at org.apache.thrift.transport.TIOStreamTransport.read(TIOStreamTransport.java:127)
	at org.apache.thrift.transport.TTransport.readAll(TTransport.java:84)
	at org.apache.thrift.transport.TFramedTransport.readFrame(TFramedTransport.java:129)
	at org.apache.thrift.transport.TFramedTransport.read(TFramedTransport.java:101)
	at org.apache.thrift.transport.TTransport.readAll(TTransport.java:84)
	at org.apache.thrift.protocol.TBinaryProtocol.readAll(TBinaryProtocol.java:378)
	at org.apache.thrift.protocol.TBinaryProtocol.readI32(TBinaryProtocol.java:297)
	at org.apache.thrift.protocol.TBinaryProtocol.readMessageBegin(TBinaryProtocol.java:204)
	at org.apache.cassandra.thrift.Cassandra$Client.recv_batch_mutate(Cassandra.java:1025)
	at org.apache.cassandra.thrift.Cassandra$Client.batch_mutate(Cassandra.java:1009)
	at me.prettyprint.cassandra.model.MutatorImpl$3.execute(MutatorImpl.java:246)
	at me.prettyprint.cassandra.model.MutatorImpl$3.execute(MutatorImpl.java:243)
	at me.prettyprint.cassandra.service.Operation.executeAndSetResult(Operation.java:103)
	at me.prettyprint.cassandra.connection.HConnectionManager.operateWithFailover(HConnectionManager.java:246)
	at me.prettyprint.cassandra.model.ExecutingKeyspace.doExecuteOperation(ExecutingKeyspace.java:97)
	at me.prettyprint.cassandra.model.MutatorImpl.execute(MutatorImpl.java:243)
	at me.prettyprint.cassandra.model.MutatorImpl.insert(MutatorImpl.java:69)
	at devkook.study.java2cassandra.App.insert(App.java:53)
	at devkook.study.java2cassandra.App.run(App.java:106)

"Hector.me.prettyprint.cassandra.connection.CassandraHostRetryService-1" daemon prio=10 tid=0x00007f0e5c517000 nid=0xf05 waiting on condition [0x00007f0e60da8000]
   java.lang.Thread.State: TIMED_WAITING (parking)
	at sun.misc.Unsafe.park(Native Method)
	- parking to wait for  <0x00000000f5e6f020> (a java.util.concurrent.locks.AbstractQueuedSynchronizer$ConditionObject)
	at java.util.concurrent.locks.LockSupport.parkNanos(LockSupport.java:226)
	at java.util.concurrent.locks.AbstractQueuedSynchronizer$ConditionObject.awaitNanos(AbstractQueuedSynchronizer.java:2082)
	at java.util.concurrent.ScheduledThreadPoolExecutor$DelayedWorkQueue.take(ScheduledThreadPoolExecutor.java:1090)
	at java.util.concurrent.ScheduledThreadPoolExecutor$DelayedWorkQueue.take(ScheduledThreadPoolExecutor.java:807)
	at java.util.concurrent.ThreadPoolExecutor.getTask(ThreadPoolExecutor.java:1068)
	at java.util.concurrent.ThreadPoolExecutor.runWorker(ThreadPoolExecutor.java:1130)
	at java.util.concurrent.ThreadPoolExecutor$Worker.run(ThreadPoolExecutor.java:615)
	at java.lang.Thread.run(Thread.java:724)

"Service Thread" daemon prio=10 tid=0x00007f0e5c4d9000 nid=0xeff runnable [0x0000000000000000]
   java.lang.Thread.State: RUNNABLE

"C2 CompilerThread1" daemon prio=10 tid=0x00007f0e5c4d1000 nid=0xefe waiting on condition [0x0000000000000000]
   java.lang.Thread.State: RUNNABLE

"C2 CompilerThread0" daemon prio=10 tid=0x00007f0e5c4cf000 nid=0xefd waiting on condition [0x0000000000000000]
   java.lang.Thread.State: RUNNABLE

"MultiThreadedHttpConnectionManager cleanup" daemon prio=10 tid=0x00007f0e5c417000 nid=0xefc in Object.wait() [0x00007f0e612ad000]
   java.lang.Thread.State: WAITING (on object monitor)
	at java.lang.Object.wait(Native Method)
	- waiting on <0x00000000f5b63e60> (a java.lang.ref.ReferenceQueue$Lock)
	at java.lang.ref.ReferenceQueue.remove(ReferenceQueue.java:135)
	- locked <0x00000000f5b63e60> (a java.lang.ref.ReferenceQueue$Lock)
	at java.lang.ref.ReferenceQueue.remove(ReferenceQueue.java:151)
	at org.apache.commons.httpclient.MultiThreadedHttpConnectionManager$ReferenceQueueThread.run(MultiThreadedHttpConnectionManager.java:1122)

"AD Thread Pool-Global1" daemon prio=10 tid=0x00007f0e5c35e000 nid=0xefb runnable [0x00007f0e613ae000]
   java.lang.Thread.State: TIMED_WAITING (parking)
	at sun.misc.Unsafe.park(Native Method)
	- parking to wait for  <0x00000000f5b46088> (a java.util.concurrent.locks.AbstractQueuedSynchronizer$ConditionObject)
	at java.util.concurrent.locks.LockSupport.parkNanos(LockSupport.java:226)
	at java.util.concurrent.locks.AbstractQueuedSynchronizer$ConditionObject.awaitNanos(AbstractQueuedSynchronizer.java:2082)
	at java.util.concurrent.DelayQueue.take(DelayQueue.java:220)
	at com.singularity.ee.util.pd.c(pd.java:523)
	at com.singularity.ee.util.pd.take(pd.java:515)
	at com.singularity.ee.util.rd.a(rd.java:487)
	at com.singularity.ee.util.pb.run(pb.java:691)
	at java.lang.Thread.run(Thread.java:724)

"AD Thread Pool-Global0" daemon prio=10 tid=0x00007f0e5c2f5800 nid=0xefa waiting on condition [0x00007f0e614af000]
   java.lang.Thread.State: WAITING (parking)
	at sun.misc.Unsafe.park(Native Method)
	- parking to wait for  <0x00000000f5b46088> (a java.util.concurrent.locks.AbstractQueuedSynchronizer$ConditionObject)
	at java.util.concurrent.locks.LockSupport.park(LockSupport.java:186)
	at java.util.concurrent.locks.AbstractQueuedSynchronizer$ConditionObject.await(AbstractQueuedSynchronizer.java:2043)
	at java.util.concurrent.DelayQueue.take(DelayQueue.java:215)
	at com.singularity.ee.util.pd.c(pd.java:523)
	at com.singularity.ee.util.pd.take(pd.java:515)
	at com.singularity.ee.util.rd.a(rd.java:487)
	at com.singularity.ee.util.pb.run(pb.java:691)
	at java.lang.Thread.run(Thread.java:724)

"AD Thread-Metric Reporter0" daemon prio=10 tid=0x00007f0e5c2f7000 nid=0xef9 waiting on condition [0x00007f0e615b0000]
   java.lang.Thread.State: TIMED_WAITING (parking)
	at sun.misc.Unsafe.park(Native Method)
	- parking to wait for  <0x00000000f5b460d0> (a java.util.concurrent.locks.AbstractQueuedSynchronizer$ConditionObject)
	at java.util.concurrent.locks.LockSupport.parkNanos(LockSupport.java:226)
	at java.util.concurrent.locks.AbstractQueuedSynchronizer$ConditionObject.awaitNanos(AbstractQueuedSynchronizer.java:2082)
	at java.util.concurrent.DelayQueue.take(DelayQueue.java:220)
	at com.singularity.ee.util.pd.c(pd.java:523)
	at com.singularity.ee.util.pd.take(pd.java:515)
	at com.singularity.ee.util.rd.a(rd.java:487)
	at com.singularity.ee.util.pb.run(pb.java:691)
	at java.lang.Thread.run(Thread.java:724)

"AD Thread-Config Poller" daemon prio=10 tid=0x00007f0e5c2b8000 nid=0xef8 waiting on condition [0x00007f0e616b1000]
   java.lang.Thread.State: TIMED_WAITING (sleeping)
	at java.lang.Thread.sleep(Native Method)
	at com.singularity.util.org.apache.log4j.helpers.FileWatchdog.run(FileWatchdog.java:104)

"Thread-0" daemon prio=10 tid=0x00007f0e5c214000 nid=0xef7 waiting on condition [0x00007f0e61de8000]
   java.lang.Thread.State: TIMED_WAITING (sleeping)
	at java.lang.Thread.sleep(Native Method)
	at com.singularity.util.org.apache.log4j.helpers.FileWatchdog.run(FileWatchdog.java:104)

"Signal Dispatcher" daemon prio=10 tid=0x00007f0e5c0a4800 nid=0xef6 runnable [0x0000000000000000]
   java.lang.Thread.State: RUNNABLE

"Finalizer" daemon prio=10 tid=0x00007f0e5c08f000 nid=0xef5 in Object.wait() [0x00007f0e624f9000]
   java.lang.Thread.State: WAITING (on object monitor)
	at java.lang.Object.wait(Native Method)
	- waiting on <0x00000000f5a5f308> (a java.lang.ref.ReferenceQueue$Lock)
	at java.lang.ref.ReferenceQueue.remove(ReferenceQueue.java:135)
	- locked <0x00000000f5a5f308> (a java.lang.ref.ReferenceQueue$Lock)
	at java.lang.ref.ReferenceQueue.remove(ReferenceQueue.java:151)
	at java.lang.ref.Finalizer$FinalizerThread.run(Finalizer.java:189)

"Reference Handler" daemon prio=10 tid=0x00007f0e5c08b000 nid=0xef4 in Object.wait() [0x00007f0e625fa000]
   java.lang.Thread.State: WAITING (on object monitor)
	at java.lang.Object.wait(Native Method)
	- waiting on <0x00000000f5a5f3a0> (a java.lang.ref.Reference$Lock)
	at java.lang.Object.wait(Object.java:503)
	at java.lang.ref.Reference$ReferenceHandler.run(Reference.java:133)
	- locked <0x00000000f5a5f3a0> (a java.lang.ref.Reference$Lock)

"VM Thread" prio=10 tid=0x00007f0e5c088800 nid=0xef3 runnable 

"VM Periodic Task Thread" prio=10 tid=0x00007f0e5c4dc000 nid=0xf00 waiting on condition 

JNI global references: 275

